Vivado Simulator 2020.2
Copyright 1986-1999, 2001-2020 Xilinx, Inc. All Rights Reserved.
Running: C:/migtell/Vivado/2020.2/bin/unwrapped/win64.o/xelab.exe -wto db447bc976b64ec5bb463817d84f3cec --incr --debug typical --relax --mt 2 -L xil_defaultlib -L uvm -L unisims_ver -L unimacro_ver -L secureip --snapshot tb_RV32I_behav xil_defaultlib.tb_RV32I xil_defaultlib.glbl -log elaborate.log 
Using 2 slave threads.
Starting static elaboration
Pass Through NonSizing Optimizer
Completed static elaboration
Starting simulation data flow analysis
Completed simulation data flow analysis
Time Resolution for simulation is 1ps
Compiling module xil_defaultlib.ControlUnit
Compiling module xil_defaultlib.RegisterFile
Compiling module xil_defaultlib.mux_2x1
Compiling module xil_defaultlib.alu
Compiling module xil_defaultlib.extend
Compiling module xil_defaultlib.adder
Compiling module xil_defaultlib.register
Compiling module xil_defaultlib.DataPath
Compiling module xil_defaultlib.RV32I_Core
Compiling module xil_defaultlib.rom
Compiling module xil_defaultlib.ram
Compiling module xil_defaultlib.MCU
Compiling module xil_defaultlib.tb_RV32I
Compiling module xil_defaultlib.glbl
Built simulation snapshot tb_RV32I_behav
